TN:
SF:models\Admin.js
FNF:0
FNH:0
DA:1,0
DA:3,0
DA:44,0
LF:3
LH:0
BRF:0
BRH:0
end_of_record
TN:
SF:models\BloodRequest.js
FNF:0
FNH:0
DA:1,0
DA:3,0
DA:80,0
LF:3
LH:0
BRF:0
BRH:0
end_of_record
TN:
SF:models\Donation.js
FNF:0
FNH:0
DA:1,0
DA:3,0
DA:64,0
LF:3
LH:0
BRF:0
BRH:0
end_of_record
TN:
SF:models\Donor.js
FN:75,(anonymous_0)
FN:95,(anonymous_1)
FNF:2
FNH:0
FNDA:0,(anonymous_0)
FNDA:0,(anonymous_1)
DA:1,1
DA:3,1
DA:75,1
DA:76,0
DA:77,0
DA:79,0
DA:80,0
DA:81,0
DA:82,0
DA:83,0
DA:84,0
DA:85,0
DA:86,0
DA:88,0
DA:91,0
DA:95,1
DA:96,0
DA:97,0
DA:100,1
LF:19
LH:5
BRDA:79,0,0,0
BRDA:79,0,1,0
BRDA:81,1,0,0
BRDA:81,1,1,0
BRDA:83,2,0,0
BRDA:83,2,1,0
BRDA:85,3,0,0
BRDA:85,3,1,0
BRF:8
BRH:0
end_of_record
TN:
SF:models\Organization.js
FNF:0
FNH:0
DA:1,0
DA:3,0
DA:61,0
LF:3
LH:0
BRF:0
BRH:0
end_of_record
TN:
SF:models\PasswordReset.js
FNF:0
FNH:0
DA:1,0
DA:3,0
DA:30,0
DA:31,0
DA:32,0
DA:34,0
LF:6
LH:0
BRF:0
BRH:0
end_of_record
TN:
SF:routes\admin.js
FN:20,(anonymous_0)
FN:78,(anonymous_1)
FN:96,(anonymous_2)
FN:155,(anonymous_3)
FN:162,(anonymous_4)
FN:186,(anonymous_5)
FN:203,(anonymous_6)
FN:237,(anonymous_7)
FN:261,(anonymous_8)
FN:295,(anonymous_9)
FN:315,(anonymous_10)
FN:332,(anonymous_11)
FN:363,(anonymous_12)
FNF:13
FNH:0
FNDA:0,(anonymous_0)
FNDA:0,(anonymous_1)
FNDA:0,(anonymous_2)
FNDA:0,(anonymous_3)
FNDA:0,(anonymous_4)
FNDA:0,(anonymous_5)
FNDA:0,(anonymous_6)
FNDA:0,(anonymous_7)
FNDA:0,(anonymous_8)
FNDA:0,(anonymous_9)
FNDA:0,(anonymous_10)
FNDA:0,(anonymous_11)
FNDA:0,(anonymous_12)
DA:1,0
DA:2,0
DA:3,0
DA:4,0
DA:5,0
DA:6,0
DA:7,0
DA:8,0
DA:11,0
DA:20,0
DA:21,0
DA:22,0
DA:70,0
DA:71,0
DA:73,0
DA:78,0
DA:79,0
DA:80,0
DA:82,0
DA:83,0
DA:86,0
DA:87,0
DA:88,0
DA:89,0
DA:91,0
DA:96,0
DA:97,0
DA:98,0
DA:100,0
DA:101,0
DA:105,0
DA:112,0
DA:113,0
DA:116,0
DA:117,0
DA:121,0
DA:122,0
DA:123,0
DA:127,0
DA:128,0
DA:131,0
DA:137,0
DA:149,0
DA:150,0
DA:155,0
DA:156,0
DA:157,0
DA:162,0
DA:163,0
DA:166,0
DA:167,0
DA:168,0
DA:169,0
DA:172,0
DA:175,0
DA:180,0
DA:181,0
DA:186,0
DA:187,0
DA:188,0
DA:192,0
DA:197,0
DA:198,0
DA:203,0
DA:204,0
DA:205,0
DA:207,0
DA:208,0
DA:209,0
DA:213,0
DA:214,0
DA:215,0
DA:216,0
DA:217,0
DA:218,0
DA:219,0
DA:220,0
DA:223,0
DA:225,0
DA:231,0
DA:232,0
DA:237,0
DA:238,0
DA:239,0
DA:240,0
DA:241,0
DA:244,0
DA:245,0
DA:246,0
DA:247,0
DA:249,0
DA:255,0
DA:256,0
DA:261,0
DA:262,0
DA:263,0
DA:265,0
DA:266,0
DA:269,0
DA:270,0
DA:271,0
DA:275,0
DA:276,0
DA:277,0
DA:278,0
DA:281,0
DA:283,0
DA:289,0
DA:290,0
DA:295,0
DA:296,0
DA:297,0
DA:298,0
DA:299,0
DA:302,0
DA:304,0
DA:309,0
DA:310,0
DA:315,0
DA:316,0
DA:317,0
DA:321,0
DA:326,0
DA:327,0
DA:332,0
DA:333,0
DA:334,0
DA:336,0
DA:337,0
DA:338,0
DA:342,0
DA:343,0
DA:344,0
DA:345,0
DA:346,0
DA:347,0
DA:349,0
DA:351,0
DA:357,0
DA:358,0
DA:363,0
DA:364,0
DA:365,0
DA:366,0
DA:367,0
DA:370,0
DA:372,0
DA:377,0
DA:378,0
DA:382,0
LF:150
LH:0
BRDA:80,0,0,0
BRDA:80,0,1,0
BRDA:82,1,0,0
BRDA:82,1,1,0
BRDA:87,2,0,0
BRDA:87,2,1,0
BRDA:100,3,0,0
BRDA:100,3,1,0
BRDA:100,4,0,0
BRDA:100,4,1,0
BRDA:112,5,0,0
BRDA:112,5,1,0
BRDA:116,6,0,0
BRDA:116,6,1,0
BRDA:122,7,0,0
BRDA:122,7,1,0
BRDA:133,8,0,0
BRDA:133,8,1,0
BRDA:166,9,0,0
BRDA:166,9,1,0
BRDA:208,10,0,0
BRDA:208,10,1,0
BRDA:213,11,0,0
BRDA:213,11,1,0
BRDA:214,12,0,0
BRDA:214,12,1,0
BRDA:215,13,0,0
BRDA:215,13,1,0
BRDA:216,14,0,0
BRDA:216,14,1,0
BRDA:217,15,0,0
BRDA:217,15,1,0
BRDA:218,16,0,0
BRDA:218,16,1,0
BRDA:240,17,0,0
BRDA:240,17,1,0
BRDA:265,18,0,0
BRDA:265,18,1,0
BRDA:270,19,0,0
BRDA:270,19,1,0
BRDA:298,20,0,0
BRDA:298,20,1,0
BRDA:337,21,0,0
BRDA:337,21,1,0
BRDA:342,22,0,0
BRDA:342,22,1,0
BRDA:343,23,0,0
BRDA:343,23,1,0
BRDA:344,24,0,0
BRDA:344,24,1,0
BRDA:345,25,0,0
BRDA:345,25,1,0
BRDA:346,26,0,0
BRDA:346,26,1,0
BRDA:347,27,0,0
BRDA:347,27,1,0
BRDA:366,28,0,0
BRDA:366,28,1,0
BRF:58
BRH:0
end_of_record
TN:
SF:routes\auth.js
FN:14,(anonymous_0)
FN:120,(anonymous_1)
FN:191,(anonymous_2)
FN:231,(anonymous_3)
FN:303,(anonymous_4)
FN:396,(anonymous_5)
FN:444,(anonymous_6)
FN:478,(anonymous_7)
FN:490,(anonymous_8)
FN:509,(anonymous_9)
FN:582,(anonymous_10)
FN:658,(anonymous_11)
FN:749,(anonymous_12)
FN:825,(anonymous_13)
FNF:14
FNH:0
FNDA:0,(anonymous_0)
FNDA:0,(anonymous_1)
FNDA:0,(anonymous_2)
FNDA:0,(anonymous_3)
FNDA:0,(anonymous_4)
FNDA:0,(anonymous_5)
FNDA:0,(anonymous_6)
FNDA:0,(anonymous_7)
FNDA:0,(anonymous_8)
FNDA:0,(anonymous_9)
FNDA:0,(anonymous_10)
FNDA:0,(anonymous_11)
FNDA:0,(anonymous_12)
FNDA:0,(anonymous_13)
DA:1,0
DA:2,0
DA:3,0
DA:4,0
DA:5,0
DA:6,0
DA:7,0
DA:8,0
DA:9,0
DA:10,0
DA:11,0
DA:14,0
DA:15,0
DA:16,0
DA:17,0
DA:20,0
DA:21,0
DA:36,0
DA:52,0
DA:53,0
DA:54,0
DA:57,0
DA:59,0
DA:60,0
DA:62,0
DA:69,0
DA:70,0
DA:73,0
DA:74,0
DA:87,0
DA:88,0
DA:89,0
DA:92,0
DA:98,0
DA:114,0
DA:115,0
DA:120,0
DA:121,0
DA:122,0
DA:125,0
DA:126,0
DA:127,0
DA:131,0
DA:132,0
DA:133,0
DA:137,0
DA:138,0
DA:141,0
DA:142,0
DA:148,0
DA:149,0
DA:156,0
DA:157,0
DA:164,0
DA:170,0
DA:185,0
DA:186,0
DA:191,0
DA:192,0
DA:193,0
DA:194,0
DA:195,0
DA:198,0
DA:199,0
DA:201,0
DA:202,0
DA:203,0
DA:207,0
DA:208,0
DA:211,0
DA:212,0
DA:215,0
DA:222,0
DA:223,0
DA:224,0
DA:226,0
DA:231,0
DA:232,0
DA:233,0
DA:234,0
DA:237,0
DA:238,0
DA:239,0
DA:240,0
DA:241,0
DA:247,0
DA:248,0
DA:251,0
DA:260,0
DA:270,0
DA:271,0
DA:272,0
DA:275,0
DA:281,0
DA:282,0
DA:297,0
DA:298,0
DA:303,0
DA:304,0
DA:305,0
DA:308,0
DA:309,0
DA:310,0
DA:314,0
DA:315,0
DA:316,0
DA:320,0
DA:321,0
DA:328,0
DA:329,0
DA:331,0
DA:332,0
DA:334,0
DA:336,0
DA:342,0
DA:343,0
DA:344,0
DA:347,0
DA:352,0
DA:355,0
DA:361,0
DA:367,0
DA:383,0
DA:384,0
DA:385,0
DA:388,0
DA:390,0
DA:391,0
DA:396,0
DA:397,0
DA:398,0
DA:399,0
DA:401,0
DA:402,0
DA:404,0
DA:405,0
DA:406,0
DA:409,0
DA:410,0
DA:412,0
DA:413,0
DA:415,0
DA:416,0
DA:418,0
DA:419,0
DA:421,0
DA:422,0
DA:423,0
DA:426,0
DA:427,0
DA:428,0
DA:430,0
DA:435,0
DA:436,0
DA:437,0
DA:439,0
DA:444,0
DA:445,0
DA:446,0
DA:447,0
DA:448,0
DA:451,0
DA:452,0
DA:455,0
DA:456,0
DA:457,0
DA:460,0
DA:465,0
DA:469,0
DA:470,0
DA:471,0
DA:473,0
DA:478,0
DA:479,0
DA:480,0
DA:481,0
DA:482,0
DA:486,0
DA:488,0
DA:490,0
DA:500,0
DA:501,0
DA:503,0
DA:504,0
DA:509,0
DA:510,0
DA:511,0
DA:512,0
DA:513,0
DA:516,0
DA:517,0
DA:519,0
DA:520,0
DA:523,0
DA:524,0
DA:528,0
DA:530,0
DA:531,0
DA:532,0
DA:536,0
DA:537,0
DA:538,0
DA:542,0
DA:543,0
DA:544,0
DA:546,0
DA:548,0
DA:549,0
DA:550,0
DA:554,0
DA:555,0
DA:556,0
DA:560,0
DA:561,0
DA:562,0
DA:564,0
DA:567,0
DA:573,0
DA:574,0
DA:575,0
DA:577,0
DA:582,0
DA:583,0
DA:584,0
DA:587,0
DA:588,0
DA:589,0
DA:593,0
DA:594,0
DA:598,0
DA:599,0
DA:606,0
DA:607,0
DA:609,0
DA:612,0
DA:613,0
DA:617,0
DA:620,0
DA:625,0
DA:628,0
DA:634,0
DA:635,0
DA:641,0
DA:643,0
DA:652,0
DA:653,0
DA:658,0
DA:659,0
DA:660,0
DA:663,0
DA:664,0
DA:670,0
DA:671,0
DA:675,0
DA:677,0
DA:678,0
DA:684,0
DA:687,0
DA:691,0
DA:692,0
DA:705,0
DA:720,0
DA:722,0
DA:724,0
DA:735,0
DA:738,0
DA:739,0
DA:744,0
DA:749,0
DA:750,0
DA:751,0
DA:754,0
DA:755,0
DA:759,0
DA:760,0
DA:763,0
DA:764,0
DA:765,0
DA:768,0
DA:769,0
DA:770,0
DA:775,0
DA:776,0
DA:783,0
DA:784,0
DA:787,0
DA:790,0
DA:791,0
DA:798,0
DA:801,0
DA:807,0
DA:808,0
DA:809,0
DA:812,0
DA:813,0
DA:819,0
DA:820,0
DA:825,0
DA:826,0
DA:827,0
DA:828,0
DA:831,0
DA:832,0
DA:836,0
DA:837,0
DA:841,0
DA:844,0
DA:850,0
DA:851,0
DA:855,0
DA:856,0
DA:859,0
DA:860,0
DA:861,0
DA:864,0
DA:865,0
DA:866,0
DA:870,0
DA:871,0
DA:875,0
DA:878,0
DA:879,0
DA:884,0
DA:891,0
DA:896,0
DA:897,0
DA:903,0
DA:904,0
DA:908,0
LF:329
LH:0
BRDA:20,0,0,0
BRDA:20,0,1,0
BRDA:20,1,0,0
BRDA:20,1,1,0
BRDA:20,1,2,0
BRDA:20,1,3,0
BRDA:20,1,4,0
BRDA:20,1,5,0
BRDA:20,1,6,0
BRDA:20,1,7,0
BRDA:30,2,0,0
BRDA:30,2,1,0
BRDA:31,3,0,0
BRDA:31,3,1,0
BRDA:32,4,0,0
BRDA:32,4,1,0
BRDA:34,5,0,0
BRDA:34,5,1,0
BRDA:53,6,0,0
BRDA:53,6,1,0
BRDA:57,7,0,0
BRDA:57,7,1,0
BRDA:94,8,0,0
BRDA:94,8,1,0
BRDA:126,9,0,0
BRDA:126,9,1,0
BRDA:132,10,0,0
BRDA:132,10,1,0
BRDA:137,11,0,0
BRDA:137,11,1,0
BRDA:138,12,0,0
BRDA:138,12,1,0
BRDA:141,13,0,0
BRDA:141,13,1,0
BRDA:148,14,0,0
BRDA:148,14,1,0
BRDA:152,15,0,0
BRDA:152,15,1,0
BRDA:156,16,0,0
BRDA:156,16,1,0
BRDA:166,17,0,0
BRDA:166,17,1,0
BRDA:180,18,0,0
BRDA:180,18,1,0
BRDA:194,19,0,0
BRDA:194,19,1,0
BRDA:198,20,0,0
BRDA:198,20,1,0
BRDA:202,21,0,0
BRDA:202,21,1,0
BRDA:211,22,0,0
BRDA:211,22,1,0
BRDA:223,23,0,0
BRDA:223,23,1,0
BRDA:239,24,0,0
BRDA:239,24,1,0
BRDA:257,25,0,0
BRDA:257,25,1,0
BRDA:266,26,0,0
BRDA:266,26,1,0
BRDA:277,27,0,0
BRDA:277,27,1,0
BRDA:309,28,0,0
BRDA:309,28,1,0
BRDA:315,29,0,0
BRDA:315,29,1,0
BRDA:320,30,0,0
BRDA:320,30,1,0
BRDA:331,31,0,0
BRDA:331,31,1,0
BRDA:342,32,0,0
BRDA:342,32,1,0
BRDA:363,33,0,0
BRDA:363,33,1,0
BRDA:383,34,0,0
BRDA:383,34,1,0
BRDA:404,35,0,0
BRDA:404,35,1,0
BRDA:409,36,0,0
BRDA:409,36,1,0
BRDA:421,37,0,0
BRDA:421,37,1,0
BRDA:436,38,0,0
BRDA:436,38,1,0
BRDA:447,39,0,0
BRDA:447,39,1,0
BRDA:451,40,0,0
BRDA:451,40,1,0
BRDA:456,41,0,0
BRDA:456,41,1,0
BRDA:470,42,0,0
BRDA:470,42,1,0
BRDA:496,43,0,0
BRDA:496,43,1,0
BRDA:512,44,0,0
BRDA:512,44,1,0
BRDA:516,45,0,0
BRDA:516,45,1,0
BRDA:519,46,0,0
BRDA:519,46,1,0
BRDA:519,47,0,0
BRDA:519,47,1,0
BRDA:523,48,0,0
BRDA:523,48,1,0
BRDA:528,49,0,0
BRDA:528,49,1,0
BRDA:531,50,0,0
BRDA:531,50,1,0
BRDA:537,51,0,0
BRDA:537,51,1,0
BRDA:546,52,0,0
BRDA:546,52,1,0
BRDA:549,53,0,0
BRDA:549,53,1,0
BRDA:555,54,0,0
BRDA:555,54,1,0
BRDA:574,55,0,0
BRDA:574,55,1,0
BRDA:588,56,0,0
BRDA:588,56,1,0
BRDA:588,57,0,0
BRDA:588,57,1,0
BRDA:593,58,0,0
BRDA:593,58,1,0
BRDA:593,59,0,0
BRDA:593,59,1,0
BRDA:593,59,2,0
BRDA:598,60,0,0
BRDA:598,60,1,0
BRDA:606,61,0,0
BRDA:606,61,1,0
BRDA:612,62,0,0
BRDA:612,62,1,0
BRDA:634,63,0,0
BRDA:634,63,1,0
BRDA:663,64,0,0
BRDA:663,64,1,0
BRDA:663,65,0,0
BRDA:663,65,1,0
BRDA:663,65,2,0
BRDA:670,66,0,0
BRDA:670,66,1,0
BRDA:677,67,0,0
BRDA:677,67,1,0
BRDA:691,68,0,0
BRDA:691,68,1,0
BRDA:726,69,0,0
BRDA:726,69,1,0
BRDA:738,70,0,0
BRDA:738,70,1,0
BRDA:754,71,0,0
BRDA:754,71,1,0
BRDA:764,72,0,0
BRDA:764,72,1,0
BRDA:769,73,0,0
BRDA:769,73,1,0
BRDA:775,74,0,0
BRDA:775,74,1,0
BRDA:798,75,0,0
BRDA:798,75,1,0
BRDA:804,76,0,0
BRDA:804,76,1,0
BRDA:807,77,0,0
BRDA:807,77,1,0
BRDA:831,78,0,0
BRDA:831,78,1,0
BRDA:831,79,0,0
BRDA:831,79,1,0
BRDA:836,80,0,0
BRDA:836,80,1,0
BRDA:850,81,0,0
BRDA:850,81,1,0
BRDA:860,82,0,0
BRDA:860,82,1,0
BRDA:865,83,0,0
BRDA:865,83,1,0
BRDA:870,84,0,0
BRDA:870,84,1,0
BRDA:878,85,0,0
BRDA:878,85,1,0
BRF:180
BRH:0
end_of_record
TN:
SF:routes\bloodRequests.js
FN:11,(anonymous_0)
FN:19,(anonymous_1)
FN:29,(anonymous_2)
FN:66,(anonymous_3)
FN:112,(anonymous_4)
FN:133,(anonymous_5)
FN:152,(anonymous_6)
FN:176,(anonymous_7)
FN:199,(anonymous_8)
FN:837,(anonymous_9)
FN:863,(anonymous_10)
FN:896,(anonymous_11)
FN:898,(anonymous_12)
FN:926,(anonymous_13)
FN:947,(anonymous_14)
FN:966,(anonymous_15)
FN:999,(anonymous_16)
FN:1012,(anonymous_17)
FN:1087,(anonymous_18)
FN:1108,(anonymous_19)
FN:1228,(anonymous_20)
FN:1236,(anonymous_21)
FN:1252,(anonymous_22)
FN:1313,(anonymous_23)
FN:1326,(anonymous_24)
FN:1363,(anonymous_25)
FN:1381,(anonymous_26)
FN:1384,(anonymous_27)
FN:1417,(anonymous_28)
FN:1433,(anonymous_29)
FN:1441,(anonymous_30)
FN:1451,(anonymous_31)
FNF:32
FNH:0
FNDA:0,(anonymous_0)
FNDA:0,(anonymous_1)
FNDA:0,(anonymous_2)
FNDA:0,(anonymous_3)
FNDA:0,(anonymous_4)
FNDA:0,(anonymous_5)
FNDA:0,(anonymous_6)
FNDA:0,(anonymous_7)
FNDA:0,(anonymous_8)
FNDA:0,(anonymous_9)
FNDA:0,(anonymous_10)
FNDA:0,(anonymous_11)
FNDA:0,(anonymous_12)
FNDA:0,(anonymous_13)
FNDA:0,(anonymous_14)
FNDA:0,(anonymous_15)
FNDA:0,(anonymous_16)
FNDA:0,(anonymous_17)
FNDA:0,(anonymous_18)
FNDA:0,(anonymous_19)
FNDA:0,(anonymous_20)
FNDA:0,(anonymous_21)
FNDA:0,(anonymous_22)
FNDA:0,(anonymous_23)
FNDA:0,(anonymous_24)
FNDA:0,(anonymous_25)
FNDA:0,(anonymous_26)
FNDA:0,(anonymous_27)
FNDA:0,(anonymous_28)
FNDA:0,(anonymous_29)
FNDA:0,(anonymous_30)
FNDA:0,(anonymous_31)
DA:1,0
DA:2,0
DA:3,0
DA:4,0
DA:5,0
DA:6,0
DA:7,0
DA:8,0
DA:11,0
DA:12,0
DA:13,0
DA:15,0
DA:16,0
DA:19,0
DA:20,0
DA:21,0
DA:23,0
DA:24,0
DA:29,0
DA:30,0
DA:32,0
DA:34,0
DA:35,0
DA:38,0
DA:39,0
DA:42,0
DA:43,0
DA:46,0
DA:47,0
DA:50,0
DA:51,0
DA:54,0
DA:55,0
DA:58,0
DA:59,0
DA:62,0
DA:66,0
DA:67,0
DA:68,0
DA:71,0
DA:72,0
DA:73,0
DA:76,0
DA:88,0
DA:90,0
DA:91,0
DA:99,0
DA:101,0
DA:107,0
DA:110,0
DA:111,0
DA:112,0
DA:113,0
DA:117,0
DA:118,0
DA:119,0
DA:120,0
DA:121,0
DA:126,0
DA:128,0
DA:133,0
DA:135,0
DA:137,0
DA:146,0
DA:147,0
DA:152,0
DA:153,0
DA:154,0
DA:157,0
DA:160,0
DA:162,0
DA:167,0
DA:168,0
DA:176,0
DA:177,0
DA:178,0
DA:181,0
DA:182,0
DA:185,0
DA:188,0
DA:193,0
DA:194,0
DA:199,0
DA:200,0
DA:201,0
DA:202,0
DA:205,0
DA:206,0
DA:207,0
DA:210,0
DA:211,0
DA:215,0
DA:216,0
DA:217,0
DA:218,0
DA:221,0
DA:222,0
DA:223,0
DA:224,0
DA:226,0
DA:227,0
DA:228,0
DA:229,0
DA:230,0
DA:231,0
DA:232,0
DA:235,0
DA:236,0
DA:237,0
DA:238,0
DA:239,0
DA:240,0
DA:242,0
DA:245,0
DA:246,0
DA:247,0
DA:249,0
DA:250,0
DA:253,0
DA:256,0
DA:257,0
DA:258,0
DA:260,0
DA:261,0
DA:262,0
DA:263,0
DA:264,0
DA:265,0
DA:266,0
DA:267,0
DA:269,0
DA:272,0
DA:276,0
DA:279,0
DA:282,0
DA:284,0
DA:285,0
DA:286,0
DA:289,0
DA:290,0
DA:291,0
DA:323,0
DA:324,0
DA:325,0
DA:357,0
DA:358,0
DA:359,0
DA:391,0
DA:392,0
DA:393,0
DA:425,0
DA:426,0
DA:427,0
DA:459,0
DA:460,0
DA:461,0
DA:493,0
DA:494,0
DA:495,0
DA:527,0
DA:528,0
DA:529,0
DA:561,0
DA:562,0
DA:563,0
DA:595,0
DA:596,0
DA:597,0
DA:629,0
DA:630,0
DA:631,0
DA:663,0
DA:664,0
DA:665,0
DA:697,0
DA:698,0
DA:699,0
DA:731,0
DA:732,0
DA:733,0
DA:765,0
DA:766,0
DA:767,0
DA:801,0
DA:807,0
DA:809,0
DA:810,0
DA:812,0
DA:816,0
DA:819,0
DA:823,0
DA:826,0
DA:831,0
DA:832,0
DA:837,0
DA:838,0
DA:839,0
DA:842,0
DA:843,0
DA:844,0
DA:847,0
DA:848,0
DA:851,0
DA:853,0
DA:857,0
DA:858,0
DA:863,0
DA:864,0
DA:866,0
DA:867,0
DA:869,0
DA:870,0
DA:877,0
DA:880,0
DA:881,0
DA:882,0
DA:889,0
DA:896,0
DA:897,0
DA:898,0
DA:900,0
DA:903,0
DA:904,0
DA:905,0
DA:907,0
DA:917,0
DA:918,0
DA:926,0
DA:927,0
DA:928,0
DA:931,0
DA:932,0
DA:933,0
DA:936,0
DA:941,0
DA:942,0
DA:947,0
DA:948,0
DA:949,0
DA:950,0
DA:952,0
DA:953,0
DA:956,0
DA:957,0
DA:958,0
DA:959,0
DA:962,0
DA:965,0
DA:966,0
DA:969,0
DA:970,0
DA:971,0
DA:975,0
DA:984,0
DA:985,0
DA:987,0
DA:993,0
DA:994,0
DA:999,0
DA:1000,0
DA:1001,0
DA:1002,0
DA:1005,0
DA:1006,0
DA:1007,0
DA:1011,0
DA:1012,0
DA:1015,0
DA:1016,0
DA:1020,0
DA:1029,0
DA:1032,0
DA:1033,0
DA:1069,0
DA:1071,0
DA:1075,0
DA:1081,0
DA:1082,0
DA:1087,0
DA:1088,0
DA:1089,0
DA:1090,0
DA:1092,0
DA:1093,0
DA:1096,0
DA:1097,0
DA:1098,0
DA:1102,0
DA:1103,0
DA:1107,0
DA:1108,0
DA:1111,0
DA:1112,0
DA:1115,0
DA:1116,0
DA:1120,0
DA:1121,0
DA:1123,0
DA:1124,0
DA:1127,0
DA:1128,0
DA:1129,0
DA:1145,0
DA:1146,0
DA:1148,0
DA:1153,0
DA:1154,0
DA:1155,0
DA:1156,0
DA:1157,0
DA:1158,0
DA:1159,0
DA:1162,0
DA:1167,0
DA:1168,0
DA:1210,0
DA:1212,0
DA:1216,0
DA:1222,0
DA:1223,0
DA:1228,0
DA:1229,0
DA:1230,0
DA:1233,0
DA:1234,0
DA:1236,0
DA:1237,0
DA:1241,0
DA:1248,0
DA:1251,0
DA:1254,0
DA:1262,0
DA:1263,0
DA:1264,0
DA:1265,0
DA:1266,0
DA:1267,0
DA:1269,0
DA:1270,0
DA:1271,0
DA:1272,0
DA:1273,0
DA:1274,0
DA:1275,0
DA:1276,0
DA:1277,0
DA:1278,0
DA:1279,0
DA:1280,0
DA:1282,0
DA:1283,0
DA:1287,0
DA:1300,0
DA:1302,0
DA:1307,0
DA:1308,0
DA:1313,0
DA:1314,0
DA:1315,0
DA:1316,0
DA:1319,0
DA:1320,0
DA:1321,0
DA:1325,0
DA:1326,0
DA:1329,0
DA:1330,0
DA:1334,0
DA:1335,0
DA:1336,0
DA:1340,0
DA:1349,0
DA:1351,0
DA:1357,0
DA:1358,0
DA:1363,0
DA:1364,0
DA:1365,0
DA:1366,0
DA:1369,0
DA:1370,0
DA:1371,0
DA:1375,0
DA:1376,0
DA:1380,0
DA:1381,0
DA:1383,0
DA:1384,0
DA:1400,0
DA:1401,0
DA:1404,0
DA:1406,0
DA:1411,0
DA:1412,0
DA:1417,0
DA:1418,0
DA:1419,0
DA:1422,0
DA:1423,0
DA:1424,0
DA:1427,0
DA:1432,0
DA:1433,0
DA:1441,0
DA:1451,0
DA:1453,0
DA:1455,0
DA:1462,0
DA:1463,0
DA:1470,0
LF:410
LH:0
BRDA:13,0,0,0
BRDA:13,0,1,0
BRDA:15,1,0,0
BRDA:15,1,1,0
BRDA:19,2,0,0
BRDA:19,2,1,0
BRDA:20,3,0,0
BRDA:20,3,1,0
BRDA:34,4,0,0
BRDA:34,4,1,0
BRDA:34,5,0,0
BRDA:34,5,1,0
BRDA:38,6,0,0
BRDA:38,6,1,0
BRDA:38,7,0,0
BRDA:38,7,1,0
BRDA:38,7,2,0
BRDA:42,8,0,0
BRDA:42,8,1,0
BRDA:42,9,0,0
BRDA:42,9,1,0
BRDA:46,10,0,0
BRDA:46,10,1,0
BRDA:46,11,0,0
BRDA:46,11,1,0
BRDA:50,12,0,0
BRDA:50,12,1,0
BRDA:50,13,0,0
BRDA:50,13,1,0
BRDA:54,14,0,0
BRDA:54,14,1,0
BRDA:54,15,0,0
BRDA:54,15,1,0
BRDA:58,16,0,0
BRDA:58,16,1,0
BRDA:72,17,0,0
BRDA:72,17,1,0
BRDA:181,18,0,0
BRDA:181,18,1,0
BRDA:206,19,0,0
BRDA:206,19,1,0
BRDA:210,20,0,0
BRDA:210,20,1,0
BRDA:232,21,0,0
BRDA:232,21,1,0
BRDA:245,22,0,0
BRDA:245,22,1,0
BRDA:245,23,0,0
BRDA:245,23,1,0
BRDA:245,23,2,0
BRDA:245,23,3,0
BRDA:256,24,0,0
BRDA:256,24,1,0
BRDA:256,25,0,0
BRDA:256,25,1,0
BRDA:262,26,0,0
BRDA:262,26,1,0
BRDA:264,27,0,0
BRDA:264,27,1,0
BRDA:265,28,0,0
BRDA:265,28,1,0
BRDA:265,29,0,0
BRDA:265,29,1,0
BRDA:289,30,0,0
BRDA:289,30,1,0
BRDA:289,31,0,0
BRDA:289,31,1,0
BRDA:289,31,2,0
BRDA:289,31,3,0
BRDA:323,32,0,0
BRDA:323,32,1,0
BRDA:323,33,0,0
BRDA:323,33,1,0
BRDA:323,33,2,0
BRDA:357,34,0,0
BRDA:357,34,1,0
BRDA:357,35,0,0
BRDA:357,35,1,0
BRDA:357,35,2,0
BRDA:391,36,0,0
BRDA:391,36,1,0
BRDA:391,37,0,0
BRDA:391,37,1,0
BRDA:391,37,2,0
BRDA:425,38,0,0
BRDA:425,38,1,0
BRDA:425,39,0,0
BRDA:425,39,1,0
BRDA:425,39,2,0
BRDA:459,40,0,0
BRDA:459,40,1,0
BRDA:459,41,0,0
BRDA:459,41,1,0
BRDA:493,42,0,0
BRDA:493,42,1,0
BRDA:493,43,0,0
BRDA:493,43,1,0
BRDA:527,44,0,0
BRDA:527,44,1,0
BRDA:527,45,0,0
BRDA:527,45,1,0
BRDA:561,46,0,0
BRDA:561,46,1,0
BRDA:595,47,0,0
BRDA:595,47,1,0
BRDA:629,48,0,0
BRDA:629,48,1,0
BRDA:663,49,0,0
BRDA:663,49,1,0
BRDA:663,50,0,0
BRDA:663,50,1,0
BRDA:697,51,0,0
BRDA:697,51,1,0
BRDA:697,52,0,0
BRDA:697,52,1,0
BRDA:731,53,0,0
BRDA:731,53,1,0
BRDA:731,54,0,0
BRDA:731,54,1,0
BRDA:765,55,0,0
BRDA:765,55,1,0
BRDA:809,56,0,0
BRDA:809,56,1,0
BRDA:843,57,0,0
BRDA:843,57,1,0
BRDA:847,58,0,0
BRDA:847,58,1,0
BRDA:867,59,0,0
BRDA:867,59,1,0
BRDA:869,60,0,0
BRDA:869,60,1,0
BRDA:877,61,0,0
BRDA:877,61,1,0
BRDA:881,62,0,0
BRDA:881,62,1,0
BRDA:932,63,0,0
BRDA:932,63,1,0
BRDA:957,64,0,0
BRDA:957,64,1,0
BRDA:969,65,0,0
BRDA:969,65,1,0
BRDA:1006,66,0,0
BRDA:1006,66,1,0
BRDA:1015,67,0,0
BRDA:1015,67,1,0
BRDA:1024,68,0,0
BRDA:1024,68,1,0
BRDA:1097,69,0,0
BRDA:1097,69,1,0
BRDA:1102,70,0,0
BRDA:1102,70,1,0
BRDA:1111,71,0,0
BRDA:1111,71,1,0
BRDA:1115,72,0,0
BRDA:1115,72,1,0
BRDA:1135,73,0,0
BRDA:1135,73,1,0
BRDA:1140,74,0,0
BRDA:1140,74,1,0
BRDA:1155,75,0,0
BRDA:1155,75,1,0
BRDA:1263,76,0,0
BRDA:1263,76,1,0
BRDA:1263,77,0,0
BRDA:1263,77,1,0
BRDA:1269,78,0,0
BRDA:1269,78,1,0
BRDA:1271,79,0,0
BRDA:1271,79,1,0
BRDA:1273,80,0,0
BRDA:1273,80,1,0
BRDA:1275,81,0,0
BRDA:1275,81,1,0
BRDA:1277,82,0,0
BRDA:1277,82,1,0
BRDA:1278,83,0,0
BRDA:1278,83,1,0
BRDA:1280,84,0,0
BRDA:1280,84,1,0
BRDA:1283,85,0,0
BRDA:1283,85,1,0
BRDA:1320,86,0,0
BRDA:1320,86,1,0
BRDA:1329,87,0,0
BRDA:1329,87,1,0
BRDA:1335,88,0,0
BRDA:1335,88,1,0
BRDA:1370,89,0,0
BRDA:1370,89,1,0
BRDA:1375,90,0,0
BRDA:1375,90,1,0
BRDA:1383,91,0,0
BRDA:1383,91,1,0
BRDA:1390,92,0,0
BRDA:1390,92,1,0
BRDA:1395,93,0,0
BRDA:1395,93,1,0
BRF:197
BRH:0
end_of_record
TN:
SF:routes\donor.js
FN:8,(anonymous_0)
FN:43,(anonymous_1)
FN:56,(anonymous_2)
FN:75,(anonymous_3)
FN:103,(anonymous_4)
FN:118,(anonymous_5)
FN:121,(anonymous_6)
FN:147,(anonymous_7)
FN:168,(anonymous_8)
FNF:9
FNH:0
FNDA:0,(anonymous_0)
FNDA:0,(anonymous_1)
FNDA:0,(anonymous_2)
FNDA:0,(anonymous_3)
FNDA:0,(anonymous_4)
FNDA:0,(anonymous_5)
FNDA:0,(anonymous_6)
FNDA:0,(anonymous_7)
FNDA:0,(anonymous_8)
DA:1,0
DA:2,0
DA:3,0
DA:4,0
DA:5,0
DA:8,0
DA:9,0
DA:11,0
DA:13,0
DA:14,0
DA:15,0
DA:18,0
DA:19,0
DA:20,0
DA:23,0
DA:24,0
DA:25,0
DA:29,0
DA:34,0
DA:35,0
DA:37,0
DA:38,0
DA:43,0
DA:44,0
DA:45,0
DA:46,0
DA:48,0
DA:51,0
DA:55,0
DA:56,0
DA:63,0
DA:69,0
DA:70,0
DA:75,0
DA:76,0
DA:77,0
DA:78,0
DA:80,0
DA:83,0
DA:88,0
DA:89,0
DA:92,0
DA:97,0
DA:98,0
DA:103,0
DA:104,0
DA:105,0
DA:108,0
DA:109,0
DA:112,0
DA:117,0
DA:118,0
DA:121,0
DA:129,0
DA:131,0
DA:138,0
DA:139,0
DA:147,0
DA:148,0
DA:149,0
DA:152,0
DA:153,0
DA:155,0
DA:156,0
DA:159,0
DA:163,0
DA:165,0
DA:168,0
DA:176,0
DA:177,0
DA:181,0
LF:71
LH:0
BRDA:11,0,0,0
BRDA:11,0,1,0
BRDA:13,1,0,0
BRDA:13,1,1,0
BRDA:19,2,0,0
BRDA:19,2,1,0
BRDA:23,3,0,0
BRDA:23,3,1,0
BRDA:88,4,0,0
BRDA:88,4,1,0
BRF:10
BRH:0
end_of_record
TN:
SF:utils\mailService.js
FN:26,(anonymous_0)
FN:161,(anonymous_1)
FN:187,(anonymous_2)
FN:374,(anonymous_3)
FN:512,(anonymous_4)
FNF:5
FNH:0
FNDA:0,(anonymous_0)
FNDA:0,(anonymous_1)
FNDA:0,(anonymous_2)
FNDA:0,(anonymous_3)
FNDA:0,(anonymous_4)
DA:6,1
DA:7,1
DA:10,1
DA:26,1
DA:27,0
DA:28,0
DA:30,0
DA:136,0
DA:143,0
DA:144,0
DA:146,0
DA:148,0
DA:149,0
DA:161,1
DA:162,0
DA:163,0
DA:170,0
DA:171,0
DA:173,0
DA:175,0
DA:176,0
DA:187,1
DA:188,0
DA:374,1
DA:375,0
DA:376,0
DA:378,0
DA:496,0
DA:497,0
DA:499,0
DA:500,0
DA:512,1
DA:513,0
DA:514,0
DA:516,0
DA:703,0
DA:710,0
DA:711,0
DA:713,0
DA:714,0
DA:718,1
LF:41
LH:9
BRDA:13,0,0,1
BRDA:13,0,1,0
BRDA:14,1,0,1
BRDA:14,1,1,0
BRDA:28,2,0,0
BRDA:28,2,1,0
BRDA:137,3,0,0
BRDA:137,3,1,0
BRDA:164,4,0,0
BRDA:164,4,1,0
BRDA:309,5,0,0
BRDA:309,5,1,0
BRDA:461,6,0,0
BRDA:461,6,1,0
BRDA:681,7,0,0
BRDA:681,7,1,0
BRDA:704,8,0,0
BRDA:704,8,1,0
BRF:18
BRH:2
end_of_record
TN:
SF:utils\otpStore.js
FN:7,(anonymous_0)
FN:12,(anonymous_1)
FN:16,(anonymous_2)
FN:17,(anonymous_3)
FN:30,(anonymous_4)
FN:38,(anonymous_5)
FN:72,(anonymous_6)
FN:87,(anonymous_7)
FNF:8
FNH:0
FNDA:0,(anonymous_0)
FNDA:0,(anonymous_1)
FNDA:0,(anonymous_2)
FNDA:0,(anonymous_3)
FNDA:0,(anonymous_4)
FNDA:0,(anonymous_5)
FNDA:0,(anonymous_6)
FNDA:0,(anonymous_7)
DA:1,0
DA:4,0
DA:7,0
DA:8,0
DA:12,0
DA:13,0
DA:16,0
DA:17,0
DA:20,0
DA:21,0
DA:30,0
DA:31,0
DA:32,0
DA:38,0
DA:39,0
DA:40,0
DA:42,0
DA:43,0
DA:46,0
DA:47,0
DA:48,0
DA:51,0
DA:52,0
DA:53,0
DA:56,0
DA:57,0
DA:58,0
DA:65,0
DA:66,0
DA:68,0
DA:72,0
DA:73,0
DA:74,0
DA:76,0
DA:78,0
DA:79,0
DA:80,0
DA:83,0
DA:87,0
DA:88,0
DA:89,0
DA:90,0
DA:91,0
DA:97,0
DA:99,0
LF:45
LH:0
BRDA:31,0,0,0
BRDA:31,0,1,0
BRDA:31,1,0,0
BRDA:31,1,1,0
BRDA:42,2,0,0
BRDA:42,2,1,0
BRDA:46,3,0,0
BRDA:46,3,1,0
BRDA:51,4,0,0
BRDA:51,4,1,0
BRDA:56,5,0,0
BRDA:56,5,1,0
BRDA:76,6,0,0
BRDA:76,6,1,0
BRDA:78,7,0,0
BRDA:78,7,1,0
BRDA:90,8,0,0
BRDA:90,8,1,0
BRF:18
BRH:0
end_of_record
TN:
SF:utils\tokenGenerator.js
FN:7,(anonymous_0)
FN:16,(anonymous_1)
FN:26,(anonymous_2)
FNF:3
FNH:0
FNDA:0,(anonymous_0)
FNDA:0,(anonymous_1)
FNDA:0,(anonymous_2)
DA:1,0
DA:7,0
DA:8,0
DA:16,0
DA:17,0
DA:26,0
DA:27,0
DA:28,0
DA:31,0
LF:9
LH:0
BRF:0
BRH:0
end_of_record
